2025-05-13 15:16:47,130 - active_cam - INFO - Successfully connected to Dynamixel agent
2025-05-13 15:16:47,130 - active_cam - INFO - Enabling torque mode...
2025-05-13 15:16:47,162 - active_cam - INFO - Torque mode enabled successfully
2025-05-13 15:16:49,007 - active_cam - INFO - ZED camera opened successfully
2025-05-13 15:16:49,544 - active_cam - INFO - Head rotation(yaw, pitch, roll): 0.0000, 0.0000, 0.0000
2025-05-13 15:16:49,579 - active_cam - INFO - Current motor positions: [-0.   -0.05]
2025-05-13 15:16:50,061 - active_cam - INFO - Head rotation(yaw, pitch, roll): 1.5708, -1.5312, -1.5708
2025-05-13 15:16:50,090 - active_cam - INFO - Current motor positions: [-0.66  0.63]
2025-05-13 15:16:50,578 - active_cam - INFO - Head rotation(yaw, pitch, roll): 1.5708, -1.5312, -1.5708
2025-05-13 15:16:50,602 - active_cam - INFO - Current motor positions: [-0.83  0.65]
2025-05-13 15:16:51,094 - active_cam - INFO - Head rotation(yaw, pitch, roll): 1.5708, -1.5312, -1.5708
2025-05-13 15:16:51,130 - active_cam - INFO - Current motor positions: [-0.83  0.65]
2025-05-13 15:16:51,612 - active_cam - INFO - Head rotation(yaw, pitch, roll): 1.5708, -1.5312, -1.5708
2025-05-13 15:16:51,642 - active_cam - INFO - Current motor positions: [-0.83  0.65]
2025-05-13 15:16:52,128 - active_cam - INFO - Head rotation(yaw, pitch, roll): 1.5708, -1.5312, -1.5708
2025-05-13 15:16:52,154 - active_cam - INFO - Current motor positions: [-0.83  0.65]
2025-05-13 15:16:52,645 - active_cam - INFO - Head rotation(yaw, pitch, roll): 1.5708, -1.5312, -1.5708
2025-05-13 15:16:52,682 - active_cam - ERROR - Failed to read position from motor 2
2025-05-13 15:16:52,682 - active_cam - INFO - Current motor positions: [-0.83   nan]
2025-05-13 15:16:53,161 - active_cam - INFO - Head rotation(yaw, pitch, roll): 1.5708, -1.5312, -1.5708
2025-05-13 15:16:53,194 - active_cam - ERROR - Failed to read position from motor 2
2025-05-13 15:16:53,194 - active_cam - INFO - Current motor positions: [-1.22   nan]
2025-05-13 15:16:53,678 - active_cam - INFO - Head rotation(yaw, pitch, roll): 1.5708, -1.5312, -1.5708
2025-05-13 15:16:53,706 - active_cam - ERROR - Failed to read position from motor 2
2025-05-13 15:16:53,706 - active_cam - INFO - Current motor positions: [-1.27   nan]
2025-05-13 15:16:54,195 - active_cam - INFO - Head rotation(yaw, pitch, roll): 1.5708, -1.5312, -1.5708
2025-05-13 15:16:54,218 - active_cam - ERROR - Failed to read position from motor 2
2025-05-13 15:16:54,218 - active_cam - INFO - Current motor positions: [-1.48   nan]
2025-05-13 15:16:54,694 - active_cam - INFO - Head rotation(yaw, pitch, roll): 1.5708, -1.5312, -1.5708
2025-05-13 15:16:54,730 - active_cam - ERROR - Failed to read position from motor 2
2025-05-13 15:16:54,730 - active_cam - INFO - Current motor positions: [-1.48   nan]
2025-05-13 15:16:55,211 - active_cam - INFO - Head rotation(yaw, pitch, roll): 1.5708, -1.5312, -1.5708
2025-05-13 15:16:55,242 - active_cam - ERROR - Failed to read position from motor 2
2025-05-13 15:16:55,242 - active_cam - INFO - Current motor positions: [-1.48   nan]
2025-05-13 15:16:55,728 - active_cam - INFO - Head rotation(yaw, pitch, roll): 1.5708, -1.5312, -1.5708
2025-05-13 15:16:55,754 - active_cam - ERROR - Failed to read position from motor 2
2025-05-13 15:16:55,754 - active_cam - INFO - Current motor positions: [-1.48   nan]
2025-05-13 15:16:56,245 - active_cam - INFO - Head rotation(yaw, pitch, roll): 1.5708, -1.5312, -1.5708
2025-05-13 15:16:56,282 - active_cam - ERROR - Failed to read position from motor 2
2025-05-13 15:16:56,282 - active_cam - INFO - Current motor positions: [-1.48   nan]
2025-05-13 15:16:56,762 - active_cam - INFO - Head rotation(yaw, pitch, roll): 1.5708, -1.5312, -1.5708
2025-05-13 15:16:56,794 - active_cam - ERROR - Failed to read position from motor 2
2025-05-13 15:16:56,794 - active_cam - INFO - Current motor positions: [-1.48   nan]
2025-05-13 15:16:57,278 - active_cam - INFO - Head rotation(yaw, pitch, roll): 1.5708, -1.5312, -1.5708
2025-05-13 15:16:57,306 - active_cam - ERROR - Failed to read position from motor 2
2025-05-13 15:16:57,306 - active_cam - INFO - Current motor positions: [-1.48   nan]
2025-05-13 15:16:57,795 - active_cam - INFO - Head rotation(yaw, pitch, roll): 1.5708, -1.5312, -1.5708
2025-05-13 15:16:57,818 - active_cam - ERROR - Failed to read position from motor 2
2025-05-13 15:16:57,818 - active_cam - INFO - Current motor positions: [-1.48   nan]
2025-05-13 15:16:58,123 - aiohttp.access - INFO - 127.0.0.1 [13/May/2025:15:16:58 +0800] "GET / HTTP/1.1" 304 176 "-" "Mozilla/5.0 (X11; Linux x86_64) AppleWebKit/537.36 (KHTML, like Gecko) Chrome/136.0.0.0 Safari/537.36"
2025-05-13 15:16:58,295 - active_cam - INFO - Head rotation(yaw, pitch, roll): 1.5708, -1.5312, -1.5708
2025-05-13 15:16:58,330 - active_cam - ERROR - Failed to read position from motor 2
2025-05-13 15:16:58,330 - active_cam - INFO - Current motor positions: [-1.48   nan]
2025-05-13 15:16:58,812 - active_cam - INFO - Head rotation(yaw, pitch, roll): -0.5586, 0.6717, 1.5708
2025-05-13 15:16:58,842 - active_cam - ERROR - Failed to read position from motor 2
2025-05-13 15:16:58,842 - active_cam - INFO - Current motor positions: [0.51  nan]
2025-05-13 15:16:59,328 - active_cam - INFO - Head rotation(yaw, pitch, roll): -0.5586, 0.6717, 1.5708
2025-05-13 15:16:59,354 - active_cam - ERROR - Failed to read position from motor 2
2025-05-13 15:16:59,354 - active_cam - INFO - Current motor positions: [0.52  nan]
2025-05-13 15:16:59,845 - active_cam - INFO - Head rotation(yaw, pitch, roll): -0.5586, 0.6717, 1.5708
2025-05-13 15:16:59,882 - active_cam - ERROR - Failed to read position from motor 2
2025-05-13 15:16:59,882 - active_cam - INFO - Current motor positions: [0.52  nan]
2025-05-13 15:17:00,362 - active_cam - INFO - Head rotation(yaw, pitch, roll): -0.5586, 0.6717, 1.5708
2025-05-13 15:17:00,394 - active_cam - ERROR - Failed to read position from motor 2
2025-05-13 15:17:00,394 - active_cam - INFO - Current motor positions: [0.52  nan]
2025-05-13 15:17:00,879 - active_cam - INFO - Head rotation(yaw, pitch, roll): -0.6771, 0.8140, 1.5708
2025-05-13 15:17:00,906 - active_cam - ERROR - Failed to read position from motor 2
2025-05-13 15:17:00,906 - active_cam - INFO - Current motor positions: [0.55  nan]
2025-05-13 15:17:01,395 - active_cam - INFO - Head rotation(yaw, pitch, roll): -0.9703, 1.0404, 1.5708
2025-05-13 15:17:01,418 - active_cam - ERROR - Failed to read position from motor 2
2025-05-13 15:17:01,418 - active_cam - INFO - Current motor positions: [0.64  nan]
2025-05-13 15:17:01,895 - active_cam - INFO - Head rotation(yaw, pitch, roll): -1.1270, 1.1044, 1.5708
2025-05-13 15:17:01,930 - active_cam - ERROR - Failed to read position from motor 2
2025-05-13 15:17:01,930 - active_cam - INFO - Current motor positions: [0.99  nan]
2025-05-13 15:17:02,412 - active_cam - INFO - Head rotation(yaw, pitch, roll): -1.0673, 1.0920, 1.5708
2025-05-13 15:17:02,442 - active_cam - ERROR - Failed to read position from motor 2
2025-05-13 15:17:02,442 - active_cam - INFO - Current motor positions: [0.99  nan]
2025-05-13 15:17:02,929 - active_cam - INFO - Head rotation(yaw, pitch, roll): -1.2882, 0.6822, 1.5708
2025-05-13 15:17:02,953 - active_cam - ERROR - Failed to read position from motor 2
2025-05-13 15:17:02,954 - active_cam - INFO - Current motor positions: [1.09  nan]
2025-05-13 15:17:03,445 - active_cam - INFO - Head rotation(yaw, pitch, roll): -1.2946, 0.6535, 1.5708
2025-05-13 15:17:03,481 - active_cam - ERROR - Failed to read position from motor 2
2025-05-13 15:17:03,482 - active_cam - INFO - Current motor positions: [1.1 nan]
2025-05-13 15:17:03,962 - active_cam - INFO - Head rotation(yaw, pitch, roll): -0.8619, 1.1455, 1.5708
2025-05-13 15:17:03,993 - active_cam - ERROR - Failed to read position from motor 2
2025-05-13 15:17:03,994 - active_cam - INFO - Current motor positions: [0.91  nan]
2025-05-13 15:17:04,479 - active_cam - INFO - Head rotation(yaw, pitch, roll): -0.1657, 1.3071, 1.5708
2025-05-13 15:17:04,505 - active_cam - ERROR - Failed to read position from motor 2
2025-05-13 15:17:04,506 - active_cam - INFO - Current motor positions: [0.39  nan]
2025-05-13 15:17:04,995 - active_cam - INFO - Head rotation(yaw, pitch, roll): 0.5232, 1.2834, -1.5708
2025-05-13 15:17:05,017 - active_cam - ERROR - Failed to read position from motor 2
2025-05-13 15:17:05,018 - active_cam - INFO - Current motor positions: [0.25  nan]
2025-05-13 15:17:05,496 - active_cam - INFO - Head rotation(yaw, pitch, roll): 1.2013, 0.9679, -1.5708
2025-05-13 15:17:05,529 - active_cam - ERROR - Failed to read position from motor 2
2025-05-13 15:17:05,530 - active_cam - INFO - Current motor positions: [0.24  nan]
2025-05-13 15:17:06,013 - active_cam - INFO - Head rotation(yaw, pitch, roll): 1.3498, 0.3647, -1.5708
2025-05-13 15:17:06,041 - active_cam - ERROR - Failed to read position from motor 2
2025-05-13 15:17:06,042 - active_cam - INFO - Current motor positions: [0.24  nan]
2025-05-13 15:17:06,529 - active_cam - INFO - Head rotation(yaw, pitch, roll): 1.2498, 0.5524, -1.5708
2025-05-13 15:17:06,553 - active_cam - ERROR - Failed to read position from motor 2
2025-05-13 15:17:06,554 - active_cam - INFO - Current motor positions: [0.24  nan]
2025-05-13 15:17:07,046 - active_cam - INFO - Head rotation(yaw, pitch, roll): -0.8015, 1.2012, 1.5708
2025-05-13 15:17:07,081 - active_cam - ERROR - Failed to read position from motor 2
2025-05-13 15:17:07,082 - active_cam - INFO - Current motor positions: [0.4 nan]
2025-05-13 15:17:07,563 - active_cam - INFO - Head rotation(yaw, pitch, roll): -0.8982, 1.1352, 1.5708
2025-05-13 15:17:07,593 - active_cam - ERROR - Failed to read position from motor 2
2025-05-13 15:17:07,594 - active_cam - INFO - Current motor positions: [0.77  nan]
2025-05-13 15:17:08,079 - active_cam - INFO - Head rotation(yaw, pitch, roll): 0.4394, 1.2495, -1.5708
2025-05-13 15:17:08,105 - active_cam - ERROR - Failed to read position from motor 2
2025-05-13 15:17:08,105 - active_cam - INFO - Current motor positions: [-0.39   nan]
2025-05-13 15:17:08,596 - active_cam - INFO - Head rotation(yaw, pitch, roll): 0.4394, 1.2495, -1.5708
2025-05-13 15:17:08,633 - active_cam - ERROR - Failed to read position from motor 2
2025-05-13 15:17:08,634 - active_cam - INFO - Current motor positions: [-0.42   nan]
2025-05-13 15:17:09,113 - active_cam - INFO - Head rotation(yaw, pitch, roll): 0.3010, 1.2480, -1.5708
2025-05-13 15:17:09,145 - active_cam - ERROR - Failed to read position from motor 2
2025-05-13 15:17:09,146 - active_cam - INFO - Current motor positions: [-0.37   nan]
2025-05-13 15:17:09,629 - active_cam - INFO - Head rotation(yaw, pitch, roll): -0.0609, 1.2445, 1.5708
2025-05-13 15:17:09,657 - active_cam - ERROR - Failed to read position from motor 2
2025-05-13 15:17:09,657 - active_cam - INFO - Current motor positions: [-0. nan]
2025-05-13 15:17:10,146 - active_cam - INFO - Head rotation(yaw, pitch, roll): -0.0770, 1.2381, 1.5708
2025-05-13 15:17:10,169 - active_cam - ERROR - Failed to read position from motor 2
2025-05-13 15:17:10,169 - active_cam - INFO - Current motor positions: [-0. nan]
2025-05-13 15:17:10,647 - active_cam - INFO - Head rotation(yaw, pitch, roll): -0.3410, 1.1412, 1.5708
2025-05-13 15:17:10,681 - active_cam - ERROR - Failed to read position from motor 2
2025-05-13 15:17:10,681 - active_cam - INFO - Current motor positions: [0.17  nan]
2025-05-13 15:17:11,163 - active_cam - INFO - Head rotation(yaw, pitch, roll): -0.4007, 1.1831, 1.5708
2025-05-13 15:17:11,193 - active_cam - ERROR - Failed to read position from motor 2
2025-05-13 15:17:11,193 - active_cam - INFO - Current motor positions: [0.17  nan]
2025-05-13 15:17:11,679 - active_cam - INFO - Head rotation(yaw, pitch, roll): -0.4007, 1.1831, 1.5708
2025-05-13 15:17:11,705 - active_cam - ERROR - Failed to read position from motor 2
2025-05-13 15:17:11,705 - active_cam - INFO - Current motor positions: [0.17  nan]
2025-05-13 15:17:12,196 - active_cam - INFO - Head rotation(yaw, pitch, roll): -0.4007, 1.1831, 1.5708
2025-05-13 15:17:12,233 - active_cam - ERROR - Failed to read position from motor 2
2025-05-13 15:17:12,233 - active_cam - INFO - Current motor positions: [0.18  nan]
2025-05-13 15:17:12,573 - active_cam - INFO - Keyboard interrupt detected, shutting down...
2025-05-13 15:17:12,984 - active_cam - INFO - ZED camera closed
2025-05-13 15:17:13,017 - active_cam - ERROR - Error during cleanup: Failed to set torque mode for Dynamixel with ID 2
2025-05-13 15:19:55,129 - active_cam - ERROR - Failed to initialize Dynamixel agent: [Errno 16] could not open port /dev/serial/by-id/usb-FTDI_USB__-__Serial_Converter_FTA7NOM6-if00-port0: [Errno 16] Device or resource busy: '/dev/serial/by-id/usb-FTDI_USB__-__Serial_Converter_FTA7NOM6-if00-port0'
2025-05-13 15:19:55,129 - active_cam - ERROR - Check if the motor is properly connected and powered
2025-05-13 15:20:02,231 - active_cam - INFO - Successfully connected to Dynamixel agent
2025-05-13 15:20:02,231 - active_cam - INFO - Enabling torque mode...
2025-05-13 15:20:02,263 - active_cam - INFO - Torque mode enabled successfully
2025-05-13 15:20:03,985 - active_cam - INFO - ZED camera opened successfully
2025-05-13 15:20:04,505 - active_cam - INFO - Head rotation(yaw, pitch, roll): 0.0000, 0.0000, 0.0000
2025-05-13 15:20:04,535 - active_cam - INFO - Current motor positions: [0. 0.]
2025-05-13 15:20:05,021 - active_cam - INFO - Head rotation(yaw, pitch, roll): 0.0000, 0.0000, 0.0000
2025-05-13 15:20:05,047 - active_cam - INFO - Current motor positions: [0. 0.]
2025-05-13 15:20:05,521 - active_cam - INFO - Head rotation(yaw, pitch, roll): 0.0000, 0.0000, 0.0000
2025-05-13 15:20:05,559 - active_cam - INFO - Current motor positions: [0. 0.]
2025-05-13 15:20:06,038 - active_cam - INFO - Head rotation(yaw, pitch, roll): 0.0000, 0.0000, 0.0000
2025-05-13 15:20:06,071 - active_cam - INFO - Current motor positions: [0. 0.]
2025-05-13 15:20:06,556 - active_cam - INFO - Head rotation(yaw, pitch, roll): 0.0000, 0.0000, 0.0000
2025-05-13 15:20:06,583 - active_cam - INFO - Current motor positions: [0. 0.]
2025-05-13 15:20:07,072 - active_cam - INFO - Head rotation(yaw, pitch, roll): 0.0000, 0.0000, 0.0000
2025-05-13 15:20:07,095 - active_cam - INFO - Current motor positions: [0. 0.]
2025-05-13 15:20:07,572 - active_cam - INFO - Head rotation(yaw, pitch, roll): 0.0000, 0.0000, 0.0000
2025-05-13 15:20:07,607 - active_cam - INFO - Current motor positions: [0. 0.]
2025-05-13 15:20:08,088 - active_cam - INFO - Head rotation(yaw, pitch, roll): 0.0000, 0.0000, 0.0000
2025-05-13 15:20:08,119 - active_cam - INFO - Current motor positions: [0. 0.]
2025-05-13 15:20:08,606 - active_cam - INFO - Head rotation(yaw, pitch, roll): 0.0000, 0.0000, 0.0000
2025-05-13 15:20:08,631 - active_cam - INFO - Current motor positions: [0. 0.]
2025-05-13 15:20:09,125 - active_cam - INFO - Head rotation(yaw, pitch, roll): 0.0000, 0.0000, 0.0000
2025-05-13 15:20:09,159 - active_cam - INFO - Current motor positions: [0. 0.]
2025-05-13 15:20:09,640 - active_cam - INFO - Head rotation(yaw, pitch, roll): 0.0000, 0.0000, 0.0000
2025-05-13 15:20:09,671 - active_cam - INFO - Current motor positions: [0. 0.]
2025-05-13 15:20:09,995 - aiohttp.access - INFO - 127.0.0.1 [13/May/2025:15:20:09 +0800] "GET / HTTP/1.1" 304 176 "-" "Mozilla/5.0 (X11; Linux x86_64) AppleWebKit/537.36 (KHTML, like Gecko) Chrome/136.0.0.0 Safari/537.36"
2025-05-13 15:20:10,156 - active_cam - INFO - Head rotation(yaw, pitch, roll): 0.0000, 0.0000, 0.0000
2025-05-13 15:20:10,182 - active_cam - INFO - Current motor positions: [0. 0.]
2025-05-13 15:20:10,673 - active_cam - INFO - Head rotation(yaw, pitch, roll): -0.5586, 0.6717, 1.5708
2025-05-13 15:20:10,710 - active_cam - INFO - Current motor positions: [-0.47  0.57]
2025-05-13 15:20:11,189 - active_cam - INFO - Head rotation(yaw, pitch, roll): -0.5586, 0.6717, 1.5708
2025-05-13 15:20:11,222 - active_cam - INFO - Current motor positions: [-0.47  0.57]
2025-05-13 15:20:11,707 - active_cam - INFO - Head rotation(yaw, pitch, roll): -0.5586, 0.6717, 1.5708
2025-05-13 15:20:11,734 - active_cam - INFO - Current motor positions: [-0.47  0.57]
2025-05-13 15:20:12,223 - active_cam - INFO - Head rotation(yaw, pitch, roll): -0.5586, 0.6717, 1.5708
2025-05-13 15:20:12,246 - active_cam - INFO - Current motor positions: [-0.47  0.57]
2025-05-13 15:20:12,724 - active_cam - INFO - Head rotation(yaw, pitch, roll): -0.5586, 0.6717, 1.5708
2025-05-13 15:20:12,758 - active_cam - INFO - Current motor positions: [-0.47  0.57]
2025-05-13 15:20:13,240 - active_cam - INFO - Head rotation(yaw, pitch, roll): -0.5586, 0.6717, 1.5708
2025-05-13 15:20:13,270 - active_cam - INFO - Current motor positions: [-0.47  0.57]
2025-05-13 15:20:13,756 - active_cam - INFO - Head rotation(yaw, pitch, roll): -0.5586, 0.6717, 1.5708
2025-05-13 15:20:13,782 - active_cam - INFO - Current motor positions: [-0.47  0.57]
2025-05-13 15:20:14,273 - active_cam - INFO - Head rotation(yaw, pitch, roll): -0.5586, 0.6717, 1.5708
2025-05-13 15:20:14,310 - active_cam - INFO - Current motor positions: [-0.47  0.57]
2025-05-13 15:20:14,790 - active_cam - INFO - Head rotation(yaw, pitch, roll): -0.5586, 0.6717, 1.5708
2025-05-13 15:20:14,822 - active_cam - INFO - Current motor positions: [-0.47  0.57]
2025-05-13 15:20:15,307 - active_cam - INFO - Head rotation(yaw, pitch, roll): -0.5586, 0.6717, 1.5708
2025-05-13 15:20:15,334 - active_cam - INFO - Current motor positions: [-0.47  0.57]
2025-05-13 15:20:15,823 - active_cam - INFO - Head rotation(yaw, pitch, roll): -0.5586, 0.6717, 1.5708
2025-05-13 15:20:15,846 - active_cam - INFO - Current motor positions: [-0.47  0.57]
2025-05-13 15:20:16,323 - active_cam - INFO - Head rotation(yaw, pitch, roll): -0.5586, 0.6717, 1.5708
2025-05-13 15:20:16,358 - active_cam - INFO - Current motor positions: [-0.47  0.57]
2025-05-13 15:20:16,840 - active_cam - INFO - Head rotation(yaw, pitch, roll): -0.5586, 0.6717, 1.5708
2025-05-13 15:20:16,870 - active_cam - INFO - Current motor positions: [-0.47  0.57]
2025-05-13 15:20:17,356 - active_cam - INFO - Head rotation(yaw, pitch, roll): -0.5586, 0.6717, 1.5708
2025-05-13 15:20:17,382 - active_cam - INFO - Current motor positions: [-0.47  0.57]
2025-05-13 15:20:17,873 - active_cam - INFO - Head rotation(yaw, pitch, roll): -0.6212, 0.7772, 1.5708
2025-05-13 15:20:17,910 - active_cam - INFO - Current motor positions: [-0.47  0.57]
2025-05-13 15:20:18,391 - active_cam - INFO - Head rotation(yaw, pitch, roll): -0.9113, 0.9216, 1.5708
2025-05-13 15:20:18,422 - active_cam - INFO - Current motor positions: [-0.52  0.58]
2025-05-13 15:20:18,907 - active_cam - INFO - Head rotation(yaw, pitch, roll): -1.3819, 0.9805, 1.5708
2025-05-13 15:20:18,934 - active_cam - INFO - Current motor positions: [-0.77  0.57]
2025-05-13 15:20:19,424 - active_cam - INFO - Head rotation(yaw, pitch, roll): -1.3819, 0.9805, 1.5708
2025-05-13 15:20:19,462 - active_cam - INFO - Current motor positions: [-0.77  0.57]
2025-05-13 15:20:19,941 - active_cam - INFO - Head rotation(yaw, pitch, roll): -1.3031, 0.8454, 1.5708
2025-05-13 15:20:19,974 - active_cam - INFO - Current motor positions: [-0.77  0.57]
2025-05-13 15:20:20,457 - active_cam - INFO - Head rotation(yaw, pitch, roll): -1.3551, 0.3774, 1.5708
2025-05-13 15:20:20,486 - active_cam - INFO - Current motor positions: [-0.8   0.42]
2025-05-13 15:20:20,973 - active_cam - INFO - Head rotation(yaw, pitch, roll): -1.3467, 0.3241, 1.5708
2025-05-13 15:20:20,998 - active_cam - INFO - Current motor positions: [-1.26  0.37]
2025-05-13 15:20:21,491 - active_cam - INFO - Head rotation(yaw, pitch, roll): -1.2507, -0.0479, 1.5549
2025-05-13 15:20:21,526 - active_cam - INFO - Current motor positions: [-1.25 -0.04]
2025-05-13 15:20:22,007 - active_cam - INFO - Head rotation(yaw, pitch, roll): -1.2507, -0.0479, 1.5549
2025-05-13 15:20:22,038 - active_cam - INFO - Current motor positions: [-1.25 -0.05]
2025-05-13 15:20:22,523 - active_cam - INFO - Head rotation(yaw, pitch, roll): -1.2442, 0.2014, 1.5708
2025-05-13 15:20:22,550 - active_cam - INFO - Current motor positions: [-1.24  0.21]
2025-05-13 15:20:23,040 - active_cam - INFO - Head rotation(yaw, pitch, roll): -1.2092, -0.0081, 1.5677
2025-05-13 15:20:23,078 - active_cam - INFO - Current motor positions: [-1.21  0.13]
2025-05-13 15:20:23,557 - active_cam - INFO - Head rotation(yaw, pitch, roll): -1.2090, -0.0360, 1.5572
2025-05-13 15:20:23,590 - active_cam - INFO - Current motor positions: [-1.21 -0.04]
2025-05-13 15:20:24,074 - active_cam - INFO - Head rotation(yaw, pitch, roll): -1.1466, -0.1989, 1.4818
2025-05-13 15:20:24,102 - active_cam - INFO - Current motor positions: [-1.14 -0.19]
2025-05-13 15:20:24,592 - active_cam - INFO - Head rotation(yaw, pitch, roll): -1.1387, -0.4252, 1.3828
2025-05-13 15:20:24,630 - active_cam - INFO - Current motor positions: [-1.12 -0.41]
2025-05-13 15:20:25,108 - active_cam - INFO - Head rotation(yaw, pitch, roll): -1.2137, -0.4142, 1.4218
2025-05-13 15:20:25,142 - active_cam - INFO - Current motor positions: [-1.16 -0.45]
2025-05-13 15:20:25,624 - active_cam - INFO - Head rotation(yaw, pitch, roll): -1.2403, -0.1666, 1.5140
2025-05-13 15:20:25,654 - active_cam - INFO - Current motor positions: [-1.19 -0.24]
2025-05-13 15:20:26,141 - active_cam - INFO - Head rotation(yaw, pitch, roll): -1.2414, -0.4872, 1.4121
2025-05-13 15:20:26,166 - active_cam - INFO - Current motor positions: [-1.2  -0.42]
2025-05-13 15:20:26,657 - active_cam - INFO - Head rotation(yaw, pitch, roll): -1.2163, -0.8974, 1.2892
2025-05-13 15:20:26,694 - active_cam - INFO - Current motor positions: [-1.2  -0.89]
2025-05-13 15:20:27,174 - active_cam - INFO - Head rotation(yaw, pitch, roll): -1.1968, -1.1597, 1.2254
2025-05-13 15:20:27,206 - active_cam - INFO - Current motor positions: [-1.2  -1.16]
2025-05-13 15:20:27,691 - active_cam - INFO - Head rotation(yaw, pitch, roll): 0.0333, -1.3166, -0.0344
2025-05-13 15:20:27,718 - active_cam - INFO - Current motor positions: [-0.21 -1.37]
2025-05-13 15:20:28,207 - active_cam - INFO - Head rotation(yaw, pitch, roll): 0.0563, -1.3163, -0.0582
2025-05-13 15:20:28,245 - active_cam - INFO - Current motor positions: [ 0.05 -1.38]
2025-05-13 15:20:28,725 - active_cam - INFO - Head rotation(yaw, pitch, roll): 0.0563, -1.3163, -0.0582
2025-05-13 15:20:28,757 - active_cam - INFO - Current motor positions: [ 0.05 -1.38]
2025-05-13 15:20:29,240 - active_cam - INFO - Head rotation(yaw, pitch, roll): 0.5724, -1.2744, -0.5929
2025-05-13 15:20:29,269 - active_cam - INFO - Current motor positions: [ 0.48 -1.38]
2025-05-13 15:20:29,758 - active_cam - INFO - Head rotation(yaw, pitch, roll): 1.0075, -1.1173, -1.0545
2025-05-13 15:20:29,781 - active_cam - INFO - Current motor positions: [ 0.8  -1.36]
2025-05-13 15:20:30,257 - active_cam - INFO - Head rotation(yaw, pitch, roll): 1.1646, -0.9553, -1.2330
2025-05-13 15:20:30,293 - active_cam - INFO - Current motor positions: [ 1.08 -1.15]
2025-05-13 15:20:30,774 - active_cam - INFO - Head rotation(yaw, pitch, roll): 1.1832, -0.6409, -1.3314
2025-05-13 15:20:30,805 - active_cam - INFO - Current motor positions: [ 1.14 -0.92]
2025-05-13 15:20:31,292 - active_cam - INFO - Head rotation(yaw, pitch, roll): 1.0473, -0.4410, -1.3292
2025-05-13 15:20:31,317 - active_cam - INFO - Current motor positions: [ 1.06 -0.62]
2025-05-13 15:20:31,808 - active_cam - INFO - Head rotation(yaw, pitch, roll): 0.7367, -0.1853, -1.3704
2025-05-13 15:20:31,845 - active_cam - INFO - Current motor positions: [ 0.73 -0.28]
2025-05-13 15:20:32,324 - active_cam - INFO - Head rotation(yaw, pitch, roll): 0.4240, -0.0507, -1.4590
2025-05-13 15:20:32,357 - active_cam - INFO - Current motor positions: [ 0.44 -0.11]
2025-05-13 15:20:32,841 - active_cam - INFO - Head rotation(yaw, pitch, roll): 0.2510, -0.0367, -1.4288
2025-05-13 15:20:32,869 - active_cam - INFO - Current motor positions: [ 0.26 -0.09]
2025-05-13 15:20:33,358 - active_cam - INFO - Head rotation(yaw, pitch, roll): 0.2626, -0.0399, -1.4235
2025-05-13 15:20:33,381 - active_cam - INFO - Current motor positions: [ 0.25 -0.08]
2025-05-13 15:20:33,858 - active_cam - INFO - Head rotation(yaw, pitch, roll): 0.2626, -0.0399, -1.4235
2025-05-13 15:20:33,893 - active_cam - INFO - Current motor positions: [ 0.25 -0.08]
2025-05-13 15:20:34,374 - active_cam - INFO - Head rotation(yaw, pitch, roll): 0.2626, -0.0399, -1.4235
2025-05-13 15:20:34,405 - active_cam - INFO - Current motor positions: [ 0.25 -0.08]
2025-05-13 15:20:34,455 - active_cam - INFO - Keyboard interrupt detected, shutting down...
2025-05-13 15:20:34,845 - active_cam - INFO - ZED camera closed
2025-05-13 15:20:34,869 - active_cam - INFO - Dynamixel torque disabled
2025-05-13 15:20:34,869 - active_cam - INFO - Shared memory released
2025-05-13 15:32:53,194 - active_cam - INFO - Successfully connected to Dynamixel agent
2025-05-13 15:32:53,194 - active_cam - INFO - Enabling torque mode...
2025-05-13 15:32:53,226 - active_cam - INFO - Torque mode enabled successfully
2025-05-13 15:32:55,098 - active_cam - INFO - ZED camera opened successfully
2025-05-13 15:32:55,634 - active_cam - INFO - Head rotation(yaw, pitch, roll): 0.0000, 0.0000, 0.0000
2025-05-13 15:32:55,658 - active_cam - INFO - Current motor positions: [ 0.   -0.02]
2025-05-13 15:32:56,134 - active_cam - INFO - Head rotation(yaw, pitch, roll): 0.0000, 0.0000, 0.0000
2025-05-13 15:32:56,170 - active_cam - INFO - Current motor positions: [ 0.   -0.02]
2025-05-13 15:32:56,657 - active_cam - INFO - Head rotation(yaw, pitch, roll): -1.3917, -0.1617, 1.3854
2025-05-13 15:32:56,682 - active_cam - INFO - Current motor positions: [-0.27  0.03]
2025-05-13 15:32:57,167 - active_cam - INFO - Head rotation(yaw, pitch, roll): -1.3917, -0.1617, 1.3854
2025-05-13 15:32:57,194 - active_cam - INFO - Current motor positions: [-1.35  0.17]
2025-05-13 15:32:57,684 - active_cam - INFO - Head rotation(yaw, pitch, roll): -1.3917, -0.1617, 1.3854
2025-05-13 15:32:57,722 - active_cam - INFO - Current motor positions: [-1.35  0.17]
2025-05-13 15:32:57,991 - aiohttp.access - INFO - 127.0.0.1 [13/May/2025:15:32:57 +0800] "GET / HTTP/1.1" 304 176 "-" "Mozilla/5.0 (X11; Linux x86_64) AppleWebKit/537.36 (KHTML, like Gecko) Chrome/136.0.0.0 Safari/537.36"
2025-05-13 15:32:58,201 - active_cam - INFO - Head rotation(yaw, pitch, roll): -1.3917, -0.1617, 1.3854
2025-05-13 15:32:58,234 - active_cam - INFO - Current motor positions: [-1.35  0.17]
2025-05-13 15:32:58,717 - active_cam - INFO - Head rotation(yaw, pitch, roll): -0.5586, 0.6717, 1.5708
2025-05-13 15:32:58,746 - active_cam - INFO - Current motor positions: [-0.56 -0.74]
2025-05-13 15:32:59,234 - active_cam - INFO - Head rotation(yaw, pitch, roll): -0.5586, 0.6717, 1.5708
2025-05-13 15:32:59,258 - active_cam - INFO - Current motor positions: [-0.56 -0.74]
2025-05-13 15:32:59,734 - active_cam - INFO - Head rotation(yaw, pitch, roll): -0.5586, 0.6717, 1.5708
2025-05-13 15:32:59,770 - active_cam - INFO - Current motor positions: [-0.56 -0.74]
2025-05-13 15:33:00,251 - active_cam - INFO - Head rotation(yaw, pitch, roll): -0.6527, 0.6119, 1.5708
2025-05-13 15:33:00,282 - active_cam - INFO - Current motor positions: [-0.59 -0.74]
2025-05-13 15:33:00,768 - active_cam - INFO - Head rotation(yaw, pitch, roll): -0.7892, 0.4425, 1.5708
2025-05-13 15:33:00,794 - active_cam - INFO - Current motor positions: [-0.73 -0.58]
2025-05-13 15:33:01,285 - active_cam - INFO - Head rotation(yaw, pitch, roll): -0.6573, 0.1498, 1.5708
2025-05-13 15:33:01,322 - active_cam - INFO - Current motor positions: [-0.72 -0.29]
2025-05-13 15:33:01,801 - active_cam - INFO - Head rotation(yaw, pitch, roll): -0.4742, -0.0203, 1.5312
2025-05-13 15:33:01,834 - active_cam - INFO - Current motor positions: [-0.48 -0.02]
2025-05-13 15:33:02,318 - active_cam - INFO - Head rotation(yaw, pitch, roll): -0.5224, -0.0073, 1.5581
2025-05-13 15:33:02,346 - active_cam - INFO - Current motor positions: [-0.5  -0.01]
2025-05-13 15:33:02,834 - active_cam - INFO - Head rotation(yaw, pitch, roll): -0.4268, 0.0063, 1.5708
2025-05-13 15:33:02,858 - active_cam - INFO - Current motor positions: [-0.44 -0.01]
2025-05-13 15:33:03,335 - active_cam - INFO - Head rotation(yaw, pitch, roll): -0.3848, 0.0124, 1.5708
2025-05-13 15:33:03,370 - active_cam - INFO - Current motor positions: [-0.4  -0.01]
2025-05-13 15:33:03,851 - active_cam - INFO - Head rotation(yaw, pitch, roll): -0.5636, 0.0273, 1.5708
2025-05-13 15:33:03,882 - active_cam - INFO - Current motor positions: [-0.46 -0.02]
2025-05-13 15:33:04,368 - active_cam - INFO - Head rotation(yaw, pitch, roll): -0.9752, 0.0571, 1.5708
2025-05-13 15:33:04,394 - active_cam - INFO - Current motor positions: [-0.92 -0.06]
2025-05-13 15:33:04,884 - active_cam - INFO - Head rotation(yaw, pitch, roll): -1.2734, 0.1003, 1.5708
2025-05-13 15:33:04,922 - active_cam - INFO - Current motor positions: [-1.13 -0.09]
2025-05-13 15:33:05,401 - active_cam - INFO - Head rotation(yaw, pitch, roll): -1.3514, 0.1023, 1.5708
2025-05-13 15:33:05,434 - active_cam - INFO - Current motor positions: [-1.26 -0.1 ]
2025-05-13 15:33:05,918 - active_cam - INFO - Head rotation(yaw, pitch, roll): -1.4040, 0.1682, 1.5708
2025-05-13 15:33:05,946 - active_cam - INFO - Current motor positions: [-1.31 -0.16]
2025-05-13 15:33:06,435 - active_cam - INFO - Head rotation(yaw, pitch, roll): -1.1523, 0.9220, 1.5708
2025-05-13 15:33:06,473 - active_cam - INFO - Current motor positions: [-1.22 -0.83]
2025-05-13 15:33:06,952 - active_cam - INFO - Head rotation(yaw, pitch, roll): -0.2015, 1.3236, 1.5708
2025-05-13 15:33:06,985 - active_cam - INFO - Current motor positions: [-0.3  -1.33]
2025-05-13 15:33:07,469 - active_cam - INFO - Head rotation(yaw, pitch, roll): -0.0109, 1.3287, 1.5708
2025-05-13 15:33:07,497 - active_cam - INFO - Current motor positions: [-0.05 -1.33]
2025-05-13 15:33:07,985 - active_cam - INFO - Head rotation(yaw, pitch, roll): -0.0109, 1.3287, 1.5708
2025-05-13 15:33:08,009 - active_cam - INFO - Current motor positions: [-0.05 -1.33]
2025-05-13 15:33:08,502 - active_cam - INFO - Head rotation(yaw, pitch, roll): -0.0109, 1.3287, 1.5708
2025-05-13 15:33:08,537 - active_cam - INFO - Current motor positions: [-0.05 -1.33]
2025-05-13 15:33:09,018 - active_cam - INFO - Head rotation(yaw, pitch, roll): 0.0133, 1.3287, -1.5708
2025-05-13 15:33:09,049 - active_cam - INFO - Current motor positions: [-0.05 -1.33]
2025-05-13 15:33:09,536 - active_cam - INFO - Head rotation(yaw, pitch, roll): 0.0133, 1.3287, -1.5708
2025-05-13 15:33:09,561 - active_cam - INFO - Current motor positions: [-0.04 -1.33]
2025-05-13 15:33:10,052 - active_cam - INFO - Head rotation(yaw, pitch, roll): 0.0632, 1.3342, -1.5708
2025-05-13 15:33:10,089 - active_cam - INFO - Current motor positions: [ 0.   -1.35]
2025-05-13 15:33:10,569 - active_cam - INFO - Head rotation(yaw, pitch, roll): 0.0953, 1.3516, -1.5708
2025-05-13 15:33:10,601 - active_cam - INFO - Current motor positions: [ 0.01 -1.35]
2025-05-13 15:33:11,085 - active_cam - INFO - Head rotation(yaw, pitch, roll): 0.1821, 1.4218, -1.5708
2025-05-13 15:33:11,113 - active_cam - INFO - Current motor positions: [ 0.13 -1.43]
2025-05-13 15:33:11,602 - active_cam - INFO - Head rotation(yaw, pitch, roll): 0.1821, 1.4218, -1.5708
2025-05-13 15:33:11,625 - active_cam - INFO - Current motor positions: [ 0.13 -1.43]
2025-05-13 15:33:12,102 - active_cam - INFO - Head rotation(yaw, pitch, roll): 0.1750, 1.4159, -1.5708
2025-05-13 15:33:12,137 - active_cam - INFO - Current motor positions: [ 0.13 -1.43]
2025-05-13 15:33:12,620 - active_cam - INFO - Head rotation(yaw, pitch, roll): 0.1750, 1.4159, -1.5708
2025-05-13 15:33:12,649 - active_cam - INFO - Current motor positions: [ 0.13 -1.43]
2025-05-13 15:33:13,135 - active_cam - INFO - Head rotation(yaw, pitch, roll): 0.1319, 1.4109, -1.5708
2025-05-13 15:33:13,161 - active_cam - INFO - Current motor positions: [ 0.13 -1.43]
2025-05-13 15:33:13,652 - active_cam - INFO - Head rotation(yaw, pitch, roll): 0.1271, 1.4050, -1.5708
2025-05-13 15:33:13,689 - active_cam - INFO - Current motor positions: [ 0.13 -1.43]
2025-05-13 15:33:14,169 - active_cam - INFO - Head rotation(yaw, pitch, roll): 0.0101, 1.2570, -1.5708
2025-05-13 15:33:14,201 - active_cam - INFO - Current motor positions: [ 0.01 -1.43]
2025-05-13 15:33:14,685 - active_cam - INFO - Head rotation(yaw, pitch, roll): -0.0289, 1.1015, 1.5708
2025-05-13 15:33:14,713 - active_cam - INFO - Current motor positions: [-0.02 -1.28]
2025-05-13 15:33:15,202 - active_cam - INFO - Head rotation(yaw, pitch, roll): -0.0357, 1.0476, 1.5708
2025-05-13 15:33:15,225 - active_cam - INFO - Current motor positions: [-0.04 -1.22]
2025-05-13 15:33:15,703 - active_cam - INFO - Head rotation(yaw, pitch, roll): -0.0446, 0.9398, 1.5708
2025-05-13 15:33:15,737 - active_cam - INFO - Current motor positions: [-0.04 -1.19]
2025-05-13 15:33:16,219 - active_cam - INFO - Head rotation(yaw, pitch, roll): -0.0406, 0.6228, 1.5708
2025-05-13 15:33:16,249 - active_cam - INFO - Current motor positions: [-0.05 -0.82]
2025-05-13 15:33:16,736 - active_cam - INFO - Head rotation(yaw, pitch, roll): 0.0048, 0.2237, -1.5708
2025-05-13 15:33:16,761 - active_cam - INFO - Current motor positions: [-0.03 -0.33]
2025-05-13 15:33:17,252 - active_cam - INFO - Head rotation(yaw, pitch, roll): 0.0029, 0.0744, -1.5708
2025-05-13 15:33:17,289 - active_cam - INFO - Current motor positions: [-0.02 -0.14]
2025-05-13 15:33:17,769 - active_cam - INFO - Head rotation(yaw, pitch, roll): 0.0029, 0.0744, -1.5708
2025-05-13 15:33:17,801 - active_cam - INFO - Current motor positions: [-0.02 -0.14]
2025-05-13 15:33:18,285 - active_cam - INFO - Head rotation(yaw, pitch, roll): 0.0030, 0.1939, -1.5708
2025-05-13 15:33:18,313 - active_cam - INFO - Current motor positions: [-0.02 -0.15]
2025-05-13 15:33:18,802 - active_cam - INFO - Head rotation(yaw, pitch, roll): 0.0011, 0.3313, -1.5708
2025-05-13 15:33:18,825 - active_cam - INFO - Current motor positions: [-0.02 -0.33]
2025-05-13 15:33:19,303 - active_cam - INFO - Head rotation(yaw, pitch, roll): -0.2645, 0.4768, 1.5708
2025-05-13 15:33:19,337 - active_cam - INFO - Current motor positions: [-0.17 -0.47]
2025-05-13 15:33:19,819 - active_cam - INFO - Head rotation(yaw, pitch, roll): -0.5569, 0.5116, 1.5708
2025-05-13 15:33:19,849 - active_cam - INFO - Current motor positions: [-0.5  -0.52]
2025-05-13 15:33:20,337 - active_cam - INFO - Head rotation(yaw, pitch, roll): -0.7124, 0.2764, 1.5708
2025-05-13 15:33:20,361 - active_cam - INFO - Current motor positions: [-0.67 -0.39]
2025-05-13 15:33:20,853 - active_cam - INFO - Head rotation(yaw, pitch, roll): -1.0346, 0.0696, 1.5708
2025-05-13 15:33:20,889 - active_cam - INFO - Current motor positions: [-0.88 -0.15]
2025-05-13 15:33:21,371 - active_cam - INFO - Head rotation(yaw, pitch, roll): -1.3819, 0.0736, 1.5708
2025-05-13 15:33:21,401 - active_cam - INFO - Current motor positions: [-1.22 -0.13]
2025-05-13 15:33:21,886 - active_cam - INFO - Head rotation(yaw, pitch, roll): -1.5258, 0.0450, 1.5708
2025-05-13 15:33:21,913 - active_cam - INFO - Current motor positions: [-1.42 -0.12]
2025-05-13 15:33:22,403 - active_cam - INFO - Head rotation(yaw, pitch, roll): -1.5708, 0.0033, 1.5704
2025-05-13 15:33:22,441 - active_cam - INFO - Current motor positions: [-1.45 -0.09]
2025-05-13 15:33:22,919 - active_cam - INFO - Head rotation(yaw, pitch, roll): -1.5708, -0.0025, 1.5708
2025-05-13 15:33:22,953 - active_cam - INFO - Current motor positions: [-1.46 -0.07]
2025-05-13 15:33:23,436 - active_cam - INFO - Head rotation(yaw, pitch, roll): -1.5708, -0.0023, 1.5708
2025-05-13 15:33:23,465 - active_cam - INFO - Current motor positions: [-1.47 -0.06]
2025-05-13 15:33:23,953 - active_cam - INFO - Head rotation(yaw, pitch, roll): -1.5708, 0.0149, 1.5678
2025-05-13 15:33:23,977 - active_cam - INFO - Current motor positions: [-1.47 -0.06]
2025-05-13 15:33:24,453 - active_cam - INFO - Head rotation(yaw, pitch, roll): -1.3943, 0.0268, 1.5708
2025-05-13 15:33:24,488 - active_cam - INFO - Current motor positions: [-1.39 -0.06]
2025-05-13 15:33:24,970 - active_cam - INFO - Head rotation(yaw, pitch, roll): -1.4959, 0.0450, 1.5708
2025-05-13 15:33:25,000 - active_cam - INFO - Current motor positions: [-1.41 -0.06]
2025-05-13 15:33:25,486 - active_cam - INFO - Head rotation(yaw, pitch, roll): -1.4959, 0.0450, 1.5708
2025-05-13 15:33:25,512 - active_cam - INFO - Current motor positions: [-1.41 -0.06]
2025-05-13 15:33:26,003 - active_cam - INFO - Head rotation(yaw, pitch, roll): -1.4959, 0.0450, 1.5708
2025-05-13 15:33:26,040 - active_cam - INFO - Current motor positions: [-1.41 -0.06]
2025-05-13 15:33:26,520 - active_cam - INFO - Head rotation(yaw, pitch, roll): -1.5019, -0.0206, 1.5694
2025-05-13 15:33:26,552 - active_cam - INFO - Current motor positions: [-1.41 -0.06]
2025-05-13 15:33:27,036 - active_cam - INFO - Head rotation(yaw, pitch, roll): -1.4771, -0.1395, 1.5577
2025-05-13 15:33:27,064 - active_cam - INFO - Current motor positions: [-1.44  0.18]
2025-05-13 15:33:27,554 - active_cam - INFO - Head rotation(yaw, pitch, roll): -1.2550, 0.6890, 1.5708
2025-05-13 15:33:27,576 - active_cam - INFO - Current motor positions: [-1.28 -0.67]
2025-05-13 15:33:28,054 - active_cam - INFO - Head rotation(yaw, pitch, roll): -1.0934, 0.9769, 1.5708
2025-05-13 15:33:28,088 - active_cam - INFO - Current motor positions: [-1.16 -0.93]
2025-05-13 15:33:28,570 - active_cam - INFO - Head rotation(yaw, pitch, roll): -0.7325, 1.2094, 1.5708
2025-05-13 15:33:28,600 - active_cam - INFO - Current motor positions: [-0.89 -1.21]
2025-05-13 15:33:29,086 - active_cam - INFO - Head rotation(yaw, pitch, roll): -0.4205, 1.2787, 1.5708
2025-05-13 15:33:29,112 - active_cam - INFO - Current motor positions: [-0.43 -1.31]
2025-05-13 15:33:29,604 - active_cam - INFO - Head rotation(yaw, pitch, roll): -0.9629, 1.0582, 1.5708
2025-05-13 15:33:29,640 - active_cam - INFO - Current motor positions: [-0.63 -1.29]
2025-05-13 15:33:30,120 - active_cam - INFO - Head rotation(yaw, pitch, roll): -1.2369, 0.2179, 1.5708
2025-05-13 15:33:30,152 - active_cam - INFO - Current motor positions: [-1.2  -0.38]
2025-05-13 15:33:30,637 - active_cam - INFO - Head rotation(yaw, pitch, roll): -0.9549, -0.6265, 1.1775
2025-05-13 15:33:30,664 - active_cam - INFO - Current motor positions: [-1.03  0.42]
2025-05-13 15:33:31,154 - active_cam - INFO - Head rotation(yaw, pitch, roll): -0.4008, -1.0908, 0.4456
2025-05-13 15:33:31,176 - active_cam - INFO - Current motor positions: [-0.55  0.58]
2025-05-13 15:33:31,653 - active_cam - INFO - Head rotation(yaw, pitch, roll): -0.0213, -1.1614, 0.0233
2025-05-13 15:33:31,688 - active_cam - INFO - Current motor positions: [-0.34  0.59]
2025-05-13 15:33:32,171 - active_cam - INFO - Head rotation(yaw, pitch, roll): -0.0636, -1.1666, 0.0691
2025-05-13 15:33:32,200 - active_cam - INFO - Current motor positions: [-0.27  0.59]
2025-05-13 15:33:32,686 - active_cam - INFO - Head rotation(yaw, pitch, roll): -1.1400, -0.6547, 1.2979
2025-05-13 15:33:32,712 - active_cam - INFO - Current motor positions: [-0.65  0.56]
2025-05-13 15:33:33,205 - active_cam - INFO - Head rotation(yaw, pitch, roll): -1.1891, -0.2025, 1.4903
2025-05-13 15:33:33,240 - active_cam - INFO - Current motor positions: [-1.05  0.34]
2025-05-13 15:33:33,721 - active_cam - INFO - Head rotation(yaw, pitch, roll): -1.0900, 0.5572, 1.5708
2025-05-13 15:33:33,752 - active_cam - INFO - Current motor positions: [-1.11 -0.51]
2025-05-13 15:33:34,237 - active_cam - INFO - Head rotation(yaw, pitch, roll): -0.5297, 1.0771, 1.5708
2025-05-13 15:33:34,264 - active_cam - INFO - Current motor positions: [-0.7  -1.05]
2025-05-13 15:33:34,753 - active_cam - INFO - Head rotation(yaw, pitch, roll): 0.9580, 0.9570, -1.5708
2025-05-13 15:33:34,776 - active_cam - INFO - Current motor positions: [ 0.83 -1.19]
2025-05-13 15:33:35,255 - active_cam - INFO - Head rotation(yaw, pitch, roll): 1.1505, 0.3991, -1.5708
2025-05-13 15:33:35,288 - active_cam - INFO - Current motor positions: [ 1.08 -0.55]
2025-05-13 15:33:35,770 - active_cam - INFO - Head rotation(yaw, pitch, roll): 1.0682, 0.2820, -1.5708
2025-05-13 15:33:35,800 - active_cam - INFO - Current motor positions: [ 1.07 -0.46]
2025-05-13 15:33:36,288 - active_cam - INFO - Head rotation(yaw, pitch, roll): 0.8299, 0.2952, -1.5708
2025-05-13 15:33:36,312 - active_cam - INFO - Current motor positions: [ 0.93 -0.41]
2025-05-13 15:33:36,803 - active_cam - INFO - Head rotation(yaw, pitch, roll): 0.3515, 0.1750, -1.5708
2025-05-13 15:33:36,840 - active_cam - INFO - Current motor positions: [ 0.37 -0.25]
2025-05-13 15:33:37,320 - active_cam - INFO - Head rotation(yaw, pitch, roll): 0.2553, 0.1503, -1.5708
2025-05-13 15:33:37,352 - active_cam - INFO - Current motor positions: [ 0.26 -0.22]
2025-05-13 15:33:37,837 - active_cam - INFO - Head rotation(yaw, pitch, roll): 0.2553, 0.1503, -1.5708
2025-05-13 15:33:37,864 - active_cam - INFO - Current motor positions: [ 0.25 -0.22]
2025-05-13 15:33:38,204 - aiohttp.access - INFO - 192.168.22.116 [13/May/2025:15:33:38 +0800] "OPTIONS /offer HTTP/1.1" 200 321 "http://127.0.0.1:8012/" "Mozilla/5.0 (X11; Linux x86_64) AppleWebKit/537.36 (KHTML, like Gecko) Chrome/136.0.0.0 Safari/537.36"
2025-05-13 15:33:38,214 - aioice.ice - INFO - Connection(0) Remote candidate "f0f1cb3c-3eaf-4153-b5d3-e88edfc574fa.local" resolved to 192.168.22.116
2025-05-13 15:33:38,228 - aiohttp.access - INFO - 192.168.22.116 [13/May/2025:15:33:38 +0800] "POST /offer HTTP/1.1" 200 3867 "http://127.0.0.1:8012/" "Mozilla/5.0 (X11; Linux x86_64) AppleWebKit/537.36 (KHTML, like Gecko) Chrome/136.0.0.0 Safari/537.36"
2025-05-13 15:33:38,228 - aioice.ice - INFO - Connection(0) Check CandidatePair(('192.168.22.116', 60011) -> ('192.168.22.116', 41513)) State.FROZEN -> State.WAITING
2025-05-13 15:33:38,229 - aioice.ice - INFO - Connection(0) Check CandidatePair(('172.19.0.1', 50277) -> ('192.168.22.116', 41513)) State.FROZEN -> State.WAITING
2025-05-13 15:33:38,229 - aioice.ice - INFO - Connection(0) Check CandidatePair(('172.18.0.1', 60620) -> ('192.168.22.116', 41513)) State.FROZEN -> State.WAITING
2025-05-13 15:33:38,229 - aioice.ice - INFO - Connection(0) Check CandidatePair(('172.17.0.1', 49135) -> ('192.168.22.116', 41513)) State.FROZEN -> State.WAITING
2025-05-13 15:33:38,229 - aioice.ice - INFO - Connection(0) Check CandidatePair(('192.168.22.116', 60011) -> ('114.32.65.70', 41513)) State.FROZEN -> State.WAITING
2025-05-13 15:33:38,229 - aioice.ice - INFO - Connection(0) Check CandidatePair(('192.168.22.116', 60011) -> ('192.168.22.116', 41513)) State.WAITING -> State.IN_PROGRESS
2025-05-13 15:33:38,230 - aioice.ice - INFO - Connection(0) Check CandidatePair(('192.168.22.116', 60011) -> ('192.168.22.116', 41513)) State.IN_PROGRESS -> State.SUCCEEDED
2025-05-13 15:33:38,231 - aioice.ice - INFO - Connection(0) Check CandidatePair(('172.19.0.1', 50277) -> ('192.168.22.116', 41513)) State.WAITING -> State.FAILED
2025-05-13 15:33:38,231 - aioice.ice - INFO - Connection(0) Check CandidatePair(('172.18.0.1', 60620) -> ('192.168.22.116', 41513)) State.WAITING -> State.FAILED
2025-05-13 15:33:38,231 - aioice.ice - INFO - Connection(0) Check CandidatePair(('172.17.0.1', 49135) -> ('192.168.22.116', 41513)) State.WAITING -> State.FAILED
2025-05-13 15:33:38,231 - aioice.ice - INFO - Connection(0) Check CandidatePair(('192.168.22.116', 60011) -> ('114.32.65.70', 41513)) State.WAITING -> State.FAILED
2025-05-13 15:33:38,231 - aioice.ice - INFO - Connection(0) Check CandidatePair(('172.19.0.1', 50277) -> ('114.32.65.70', 41513)) State.FROZEN -> State.FAILED
2025-05-13 15:33:38,231 - aioice.ice - INFO - Connection(0) Check CandidatePair(('172.18.0.1', 60620) -> ('114.32.65.70', 41513)) State.FROZEN -> State.FAILED
2025-05-13 15:33:38,231 - aioice.ice - INFO - Connection(0) Check CandidatePair(('172.17.0.1', 49135) -> ('114.32.65.70', 41513)) State.FROZEN -> State.FAILED
2025-05-13 15:33:38,231 - aioice.ice - INFO - Connection(0) ICE completed
2025-05-13 15:33:38,253 - active_cam - INFO - WebRTC client connected, streaming frames...
2025-05-13 15:33:38,353 - active_cam - INFO - Head rotation(yaw, pitch, roll): 0.2553, 0.1503, -1.5708
2025-05-13 15:33:38,376 - active_cam - INFO - Current motor positions: [ 0.25 -0.22]
2025-05-13 15:33:38,853 - active_cam - INFO - Head rotation(yaw, pitch, roll): 0.2553, 0.1503, -1.5708
2025-05-13 15:33:38,888 - active_cam - INFO - Current motor positions: [ 0.25 -0.22]
2025-05-13 15:33:39,370 - active_cam - INFO - Head rotation(yaw, pitch, roll): 0.2553, 0.1503, -1.5708
2025-05-13 15:33:39,400 - active_cam - INFO - Current motor positions: [ 0.25 -0.22]
2025-05-13 15:33:39,887 - active_cam - INFO - Head rotation(yaw, pitch, roll): 0.2553, 0.1503, -1.5708
2025-05-13 15:33:39,912 - active_cam - INFO - Current motor positions: [ 0.25 -0.22]
2025-05-13 15:33:40,404 - active_cam - INFO - Head rotation(yaw, pitch, roll): 0.2553, 0.1503, -1.5708
2025-05-13 15:33:40,440 - active_cam - INFO - Current motor positions: [ 0.26 -0.22]
2025-05-13 15:33:40,920 - active_cam - INFO - Head rotation(yaw, pitch, roll): 0.2553, 0.1503, -1.5708
2025-05-13 15:33:40,952 - active_cam - INFO - Current motor positions: [ 0.26 -0.22]
2025-05-13 15:33:41,438 - active_cam - INFO - Head rotation(yaw, pitch, roll): 0.2553, 0.1503, -1.5708
2025-05-13 15:33:41,464 - active_cam - INFO - Current motor positions: [ 0.26 -0.22]
2025-05-13 15:33:41,954 - active_cam - INFO - Head rotation(yaw, pitch, roll): 0.2553, 0.1503, -1.5708
2025-05-13 15:33:41,992 - active_cam - INFO - Current motor positions: [ 0.25 -0.22]
2025-05-13 15:33:42,471 - active_cam - INFO - Head rotation(yaw, pitch, roll): 0.2553, 0.1503, -1.5708
2025-05-13 15:33:42,504 - active_cam - INFO - Current motor positions: [ 0.25 -0.21]
2025-05-13 15:33:42,583 - active_cam - INFO - Keyboard interrupt detected, shutting down...
2025-05-13 15:33:42,970 - active_cam - INFO - ZED camera closed
2025-05-13 15:33:42,999 - active_cam - INFO - Dynamixel torque disabled
2025-05-13 15:33:43,000 - active_cam - INFO - Shared memory released
